0 info it worked if it ends with ok
1 verbose cli [ 'D:\\Program Files\\nodejs\\node.exe',
1 verbose cli   'D:\\Program Files\\nodejs\\node_modules\\npm\\bin\\npm-cli.js',
1 verbose cli   'install',
1 verbose cli   'hexo-deployer-git',
1 verbose cli   '—save' ]
2 info using npm@2.15.1
3 info using node@v4.4.3
4 verbose install initial load of D:\Source\blogs\jiangxiaoqiang.github.io\package.json
5 verbose readDependencies loading dependencies from D:\Source\blogs\jiangxiaoqiang.github.io\package.json
6 silly cache add args [ 'hexo-deployer-git', null ]
7 verbose cache add spec hexo-deployer-git
8 silly cache add args [ '—save', null ]
9 verbose cache add spec —save
10 silly cache add parsed spec Result {
10 silly cache add   raw: 'hexo-deployer-git',
10 silly cache add   scope: null,
10 silly cache add   name: 'hexo-deployer-git',
10 silly cache add   rawSpec: '',
10 silly cache add   spec: 'latest',
10 silly cache add   type: 'tag' }
11 silly addNamed hexo-deployer-git@latest
12 verbose addNamed "latest" is being treated as a dist-tag for hexo-deployer-git
13 info addNameTag [ 'hexo-deployer-git', 'latest' ]
14 silly mapToRegistry name hexo-deployer-git
15 silly mapToRegistry using default registry
16 silly mapToRegistry registry https://registry.npmjs.org/
17 silly mapToRegistry data Result {
17 silly mapToRegistry   raw: 'hexo-deployer-git',
17 silly mapToRegistry   scope: null,
17 silly mapToRegistry   name: 'hexo-deployer-git',
17 silly mapToRegistry   rawSpec: '',
17 silly mapToRegistry   spec: 'latest',
17 silly mapToRegistry   type: 'tag' }
18 silly mapToRegistry uri https://registry.npmjs.org/hexo-deployer-git
19 verbose addNameTag registry:https://registry.npmjs.org/hexo-deployer-git not in flight; fetching
20 silly cache add parsed spec Result {
20 silly cache add   raw: '—save',
20 silly cache add   scope: null,
20 silly cache add   name: null,
20 silly cache add   rawSpec: '—save',
20 silly cache add   spec: 'D:\\Source\\blogs\\jiangxiaoqiang.github.io\\—save',
20 silly cache add   type: 'local' }
21 verbose request uri https://registry.npmjs.org/hexo-deployer-git
22 verbose request no auth needed
23 info attempt registry request try #1 at 16:17:31
24 verbose request id 3cece5788f0d93ae
25 http request GET https://registry.npmjs.org/hexo-deployer-git
26 error addLocal Could not install D:\Source\blogs\jiangxiaoqiang.github.io\—save
27 verbose stack TypeError: The header content contains invalid characters
27 verbose stack     at ClientRequest.OutgoingMessage.setHeader (_http_outgoing.js:351:13)
27 verbose stack     at new ClientRequest (_http_client.js:79:14)
27 verbose stack     at Object.exports.request (http.js:31:10)
27 verbose stack     at Object.socket.once.exports.request (https.js:182:15)
27 verbose stack     at Request.start (D:\Program Files\nodejs\node_modules\npm\node_modules\request\request.js:747:30)
27 verbose stack     at Request.end (D:\Program Files\nodejs\node_modules\npm\node_modules\request\request.js:1381:10)
27 verbose stack     at end (D:\Program Files\nodejs\node_modules\npm\node_modules\request\request.js:575:14)
27 verbose stack     at Immediate._onImmediate (D:\Program Files\nodejs\node_modules\npm\node_modules\request\request.js:589:7)
27 verbose stack     at processImmediate [as _immediateCallback] (timers.js:383:17)
28 verbose cwd D:\Source\blogs\jiangxiaoqiang.github.io
29 error Windows_NT 6.1.7601
30 error argv "D:\\Program Files\\nodejs\\node.exe" "D:\\Program Files\\nodejs\\node_modules\\npm\\bin\\npm-cli.js" "install" "hexo-deployer-git" "—save"
31 error node v4.4.3
32 error npm  v2.15.1
33 error The header content contains invalid characters
34 error If you need help, you may report this error at:
34 error     <https://github.com/npm/npm/issues>
35 verbose exit [ 1, true ]
